<?xml version="1.0" encoding="UTF-8"?>
<!-- Generated by org.testng.reporters.JUnitReportReporter -->
<testsuite skipped="0" hostname="DESKTOP-GSE3O5J" name="TestCases.TestCasesExecute" tests="1" failures="0" timestamp="03 Jun 2019 06:34:49 GMT" time="6.796" errors="0">
  <testcase name="inputValidationCheck" time="6.796" classname="TestCases.TestCasesExecute"/>
</testsuite> <!-- TestCases.TestCasesExecute -->
